<?xml version="1.0" encoding="UTF-8"?>
<!-- Generated by org.testng.reporters.JUnitXMLReporter -->
<testsuite ignored="0" hostname="DESKTOP-SRPM13C" failures="0" tests="3" name="Default test" time="2.893" errors="0" timestamp="2022-03-05T15:28:52 EET">
  <testcase classname="tests.TestsExamples" name="TestPost" time="1.918"/>
  <testcase classname="tests.TestsExamples" name="TestPrintRandomUserEmail" time="0.398"/>
  <testcase classname="tests.TestsExamples" name="TestRandomUserPostsIDs" time="0.549"/>
</testsuite> <!-- Default test -->
