<?xml version="1.0" encoding="UTF-8"?>
<testng-results ignored="0" total="3" passed="3" failed="0" skipped="0">
  <reporter-output>
  </reporter-output>
  <suite started-at="2022-03-05T15:28:49 EET" name="Default suite" finished-at="2022-03-05T15:28:52 EET" duration-ms="2893">
    <groups>
    </groups>
    <test started-at="2022-03-05T15:28:49 EET" name="Default test" finished-at="2022-03-05T15:28:52 EET" duration-ms="2893">
      <class name="tests.TestsExamples">
        <test-method signature="TestPost()[pri:0, instance:tests.TestsExamples@32910148]" started-at="2022-03-05T15:28:49 EET" name="TestPost" finished-at="2022-03-05T15:28:51 EET" duration-ms="1918" status="PASS">
          <reporter-output>
          </reporter-output>
        </test-method> <!-- TestPost -->
        <test-method signature="TestPrintRandomUserEmail()[pri:0, instance:tests.TestsExamples@32910148]" started-at="2022-03-05T15:28:51 EET" name="TestPrintRandomUserEmail" finished-at="2022-03-05T15:28:51 EET" duration-ms="398" status="PASS">
          <reporter-output>
          </reporter-output>
        </test-method> <!-- TestPrintRandomUserEmail -->
        <test-method signature="TestRandomUserPostsIDs()[pri:0, instance:tests.TestsExamples@32910148]" started-at="2022-03-05T15:28:51 EET" name="TestRandomUserPostsIDs" finished-at="2022-03-05T15:28:52 EET" duration-ms="549" status="PASS">
          <reporter-output>
          </reporter-output>
        </test-method> <!-- TestRandomUserPostsIDs -->
      </class> <!-- tests.TestsExamples -->
    </test> <!-- Default test -->
  </suite> <!-- Default suite -->
</testng-results>
